2026-02-06 17:40:26 [ERROR]: 500 - Cannot set property query of #<IncomingMessage> which has only a getter - /api/auth/signin - OPTIONS - ::1
2026-02-06 17:40:26 [ERROR]: TypeError: Cannot set property query of #<IncomingMessage> which has only a getter
    at C:\Users\adity\OneDrive\Desktop\Bhojan\backend\node_modules\express-mongo-sanitize\index.js:113:18
    at Array.forEach (<anonymous>)
    at C:\Users\adity\OneDrive\Desktop\Bhojan\backend\node_modules\express-mongo-sanitize\index.js:110:44
    at Layer.handleRequest (C:\Users\adity\OneDrive\Desktop\Bhojan\backend\node_modules\router\lib\layer.js:152:17)
    at trimPrefix (C:\Users\adity\OneDrive\Desktop\Bhojan\backend\node_modules\router\index.js:342:13)
    at C:\Users\adity\OneDrive\Desktop\Bhojan\backend\node_modules\router\index.js:297:9
    at processParams (C:\Users\adity\OneDrive\Desktop\Bhojan\backend\node_modules\router\index.js:582:12)
    at next (C:\Users\adity\OneDrive\Desktop\Bhojan\backend\node_modules\router\index.js:291:5)
    at internalNext (C:\Users\adity\OneDrive\Desktop\Bhojan\backend\node_modules\helmet\index.cjs:531:6)
    at xXssProtectionMiddleware (C:\Users\adity\OneDrive\Desktop\Bhojan\backend\node_modules\helmet\index.cjs:311:3)
2026-02-06 17:40:42 [ERROR]: 500 - Cannot set property query of #<IncomingMessage> which has only a getter - /api/auth/signin - OPTIONS - ::1
2026-02-06 17:40:42 [ERROR]: TypeError: Cannot set property query of #<IncomingMessage> which has only a getter
    at C:\Users\adity\OneDrive\Desktop\Bhojan\backend\node_modules\express-mongo-sanitize\index.js:113:18
    at Array.forEach (<anonymous>)
    at C:\Users\adity\OneDrive\Desktop\Bhojan\backend\node_modules\express-mongo-sanitize\index.js:110:44
    at Layer.handleRequest (C:\Users\adity\OneDrive\Desktop\Bhojan\backend\node_modules\router\lib\layer.js:152:17)
    at trimPrefix (C:\Users\adity\OneDrive\Desktop\Bhojan\backend\node_modules\router\index.js:342:13)
    at C:\Users\adity\OneDrive\Desktop\Bhojan\backend\node_modules\router\index.js:297:9
    at processParams (C:\Users\adity\OneDrive\Desktop\Bhojan\backend\node_modules\router\index.js:582:12)
    at next (C:\Users\adity\OneDrive\Desktop\Bhojan\backend\node_modules\router\index.js:291:5)
    at internalNext (C:\Users\adity\OneDrive\Desktop\Bhojan\backend\node_modules\helmet\index.cjs:531:6)
    at xXssProtectionMiddleware (C:\Users\adity\OneDrive\Desktop\Bhojan\backend\node_modules\helmet\index.cjs:311:3)
2026-02-06 17:52:01 [ERROR]: 500 - Cannot set property query of #<IncomingMessage> which has only a getter - /api/auth/signin - OPTIONS - ::1
2026-02-06 17:52:01 [ERROR]: TypeError: Cannot set property query of #<IncomingMessage> which has only a getter
    at C:\Users\adity\OneDrive\Desktop\Bhojan\backend\node_modules\express-mongo-sanitize\index.js:113:18
    at Array.forEach (<anonymous>)
    at C:\Users\adity\OneDrive\Desktop\Bhojan\backend\node_modules\express-mongo-sanitize\index.js:110:44
    at Layer.handleRequest (C:\Users\adity\OneDrive\Desktop\Bhojan\backend\node_modules\router\lib\layer.js:152:17)
    at trimPrefix (C:\Users\adity\OneDrive\Desktop\Bhojan\backend\node_modules\router\index.js:342:13)
    at C:\Users\adity\OneDrive\Desktop\Bhojan\backend\node_modules\router\index.js:297:9
    at processParams (C:\Users\adity\OneDrive\Desktop\Bhojan\backend\node_modules\router\index.js:582:12)
    at next (C:\Users\adity\OneDrive\Desktop\Bhojan\backend\node_modules\router\index.js:291:5)
    at internalNext (C:\Users\adity\OneDrive\Desktop\Bhojan\backend\node_modules\helmet\index.cjs:531:6)
    at xXssProtectionMiddleware (C:\Users\adity\OneDrive\Desktop\Bhojan\backend\node_modules\helmet\index.cjs:311:3)
2026-02-06 17:52:03 [ERROR]: 500 - Cannot set property query of #<IncomingMessage> which has only a getter - /api/auth/signin - OPTIONS - ::1
2026-02-06 17:52:03 [ERROR]: TypeError: Cannot set property query of #<IncomingMessage> which has only a getter
    at C:\Users\adity\OneDrive\Desktop\Bhojan\backend\node_modules\express-mongo-sanitize\index.js:113:18
    at Array.forEach (<anonymous>)
    at C:\Users\adity\OneDrive\Desktop\Bhojan\backend\node_modules\express-mongo-sanitize\index.js:110:44
    at Layer.handleRequest (C:\Users\adity\OneDrive\Desktop\Bhojan\backend\node_modules\router\lib\layer.js:152:17)
    at trimPrefix (C:\Users\adity\OneDrive\Desktop\Bhojan\backend\node_modules\router\index.js:342:13)
    at C:\Users\adity\OneDrive\Desktop\Bhojan\backend\node_modules\router\index.js:297:9
    at processParams (C:\Users\adity\OneDrive\Desktop\Bhojan\backend\node_modules\router\index.js:582:12)
    at next (C:\Users\adity\OneDrive\Desktop\Bhojan\backend\node_modules\router\index.js:291:5)
    at internalNext (C:\Users\adity\OneDrive\Desktop\Bhojan\backend\node_modules\helmet\index.cjs:531:6)
    at xXssProtectionMiddleware (C:\Users\adity\OneDrive\Desktop\Bhojan\backend\node_modules\helmet\index.cjs:311:3)
2026-02-06 17:52:13 [ERROR]: 500 - Cannot set property query of #<IncomingMessage> which has only a getter - /api/auth/signin - OPTIONS - ::1
2026-02-06 17:52:13 [ERROR]: TypeError: Cannot set property query of #<IncomingMessage> which has only a getter
    at C:\Users\adity\OneDrive\Desktop\Bhojan\backend\node_modules\express-mongo-sanitize\index.js:113:18
    at Array.forEach (<anonymous>)
    at C:\Users\adity\OneDrive\Desktop\Bhojan\backend\node_modules\express-mongo-sanitize\index.js:110:44
    at Layer.handleRequest (C:\Users\adity\OneDrive\Desktop\Bhojan\backend\node_modules\router\lib\layer.js:152:17)
    at trimPrefix (C:\Users\adity\OneDrive\Desktop\Bhojan\backend\node_modules\router\index.js:342:13)
    at C:\Users\adity\OneDrive\Desktop\Bhojan\backend\node_modules\router\index.js:297:9
    at processParams (C:\Users\adity\OneDrive\Desktop\Bhojan\backend\node_modules\router\index.js:582:12)
    at next (C:\Users\adity\OneDrive\Desktop\Bhojan\backend\node_modules\router\index.js:291:5)
    at internalNext (C:\Users\adity\OneDrive\Desktop\Bhojan\backend\node_modules\helmet\index.cjs:531:6)
    at xXssProtectionMiddleware (C:\Users\adity\OneDrive\Desktop\Bhojan\backend\node_modules\helmet\index.cjs:311:3)
2026-02-06 17:52:23 [ERROR]: 500 - Cannot set property query of #<IncomingMessage> which has only a getter - /api/auth/signin - OPTIONS - ::1
2026-02-06 17:52:23 [ERROR]: TypeError: Cannot set property query of #<IncomingMessage> which has only a getter
    at C:\Users\adity\OneDrive\Desktop\Bhojan\backend\node_modules\express-mongo-sanitize\index.js:113:18
    at Array.forEach (<anonymous>)
    at C:\Users\adity\OneDrive\Desktop\Bhojan\backend\node_modules\express-mongo-sanitize\index.js:110:44
    at Layer.handleRequest (C:\Users\adity\OneDrive\Desktop\Bhojan\backend\node_modules\router\lib\layer.js:152:17)
    at trimPrefix (C:\Users\adity\OneDrive\Desktop\Bhojan\backend\node_modules\router\index.js:342:13)
    at C:\Users\adity\OneDrive\Desktop\Bhojan\backend\node_modules\router\index.js:297:9
    at processParams (C:\Users\adity\OneDrive\Desktop\Bhojan\backend\node_modules\router\index.js:582:12)
    at next (C:\Users\adity\OneDrive\Desktop\Bhojan\backend\node_modules\router\index.js:291:5)
    at internalNext (C:\Users\adity\OneDrive\Desktop\Bhojan\backend\node_modules\helmet\index.cjs:531:6)
    at xXssProtectionMiddleware (C:\Users\adity\OneDrive\Desktop\Bhojan\backend\node_modules\helmet\index.cjs:311:3)
2026-02-06 17:53:47 [ERROR]: 500 - Cannot set property query of #<IncomingMessage> which has only a getter - /api/auth/signin - OPTIONS - ::1
2026-02-06 17:53:47 [ERROR]: TypeError: Cannot set property query of #<IncomingMessage> which has only a getter
    at C:\Users\adity\OneDrive\Desktop\Bhojan\backend\node_modules\express-mongo-sanitize\index.js:113:18
    at Array.forEach (<anonymous>)
    at C:\Users\adity\OneDrive\Desktop\Bhojan\backend\node_modules\express-mongo-sanitize\index.js:110:44
    at Layer.handleRequest (C:\Users\adity\OneDrive\Desktop\Bhojan\backend\node_modules\router\lib\layer.js:152:17)
    at trimPrefix (C:\Users\adity\OneDrive\Desktop\Bhojan\backend\node_modules\router\index.js:342:13)
    at C:\Users\adity\OneDrive\Desktop\Bhojan\backend\node_modules\router\index.js:297:9
    at processParams (C:\Users\adity\OneDrive\Desktop\Bhojan\backend\node_modules\router\index.js:582:12)
    at next (C:\Users\adity\OneDrive\Desktop\Bhojan\backend\node_modules\router\index.js:291:5)
    at internalNext (C:\Users\adity\OneDrive\Desktop\Bhojan\backend\node_modules\helmet\index.cjs:531:6)
    at xXssProtectionMiddleware (C:\Users\adity\OneDrive\Desktop\Bhojan\backend\node_modules\helmet\index.cjs:311:3)
2026-02-06 18:20:20 [ERROR]: 500 - Cannot set property query of #<IncomingMessage> which has only a getter - /api/auth/signin - GET - ::1
2026-02-06 18:20:20 [ERROR]: TypeError: Cannot set property query of #<IncomingMessage> which has only a getter
    at C:\Users\adity\OneDrive\Desktop\Bhojan\backend\node_modules\xss-clean\lib\index.js:8:30
    at Layer.handleRequest (C:\Users\adity\OneDrive\Desktop\Bhojan\backend\node_modules\router\lib\layer.js:152:17)
    at trimPrefix (C:\Users\adity\OneDrive\Desktop\Bhojan\backend\node_modules\router\index.js:342:13)
    at C:\Users\adity\OneDrive\Desktop\Bhojan\backend\node_modules\router\index.js:297:9
    at processParams (C:\Users\adity\OneDrive\Desktop\Bhojan\backend\node_modules\router\index.js:582:12)
    at next (C:\Users\adity\OneDrive\Desktop\Bhojan\backend\node_modules\router\index.js:291:5)
    at C:\Users\adity\OneDrive\Desktop\Bhojan\backend\server.js:51:5
    at Layer.handleRequest (C:\Users\adity\OneDrive\Desktop\Bhojan\backend\node_modules\router\lib\layer.js:152:17)
    at trimPrefix (C:\Users\adity\OneDrive\Desktop\Bhojan\backend\node_modules\router\index.js:342:13)
    at C:\Users\adity\OneDrive\Desktop\Bhojan\backend\node_modules\router\index.js:297:9
2026-02-06 18:21:29 [ERROR]: 500 - Cannot set property query of #<IncomingMessage> which has only a getter - /api/auth/signin - GET - ::1
2026-02-06 18:21:29 [ERROR]: TypeError: Cannot set property query of #<IncomingMessage> which has only a getter
    at C:\Users\adity\OneDrive\Desktop\Bhojan\backend\node_modules\xss-clean\lib\index.js:8:30
    at Layer.handleRequest (C:\Users\adity\OneDrive\Desktop\Bhojan\backend\node_modules\router\lib\layer.js:152:17)
    at trimPrefix (C:\Users\adity\OneDrive\Desktop\Bhojan\backend\node_modules\router\index.js:342:13)
    at C:\Users\adity\OneDrive\Desktop\Bhojan\backend\node_modules\router\index.js:297:9
    at processParams (C:\Users\adity\OneDrive\Desktop\Bhojan\backend\node_modules\router\index.js:582:12)
    at next (C:\Users\adity\OneDrive\Desktop\Bhojan\backend\node_modules\router\index.js:291:5)
    at C:\Users\adity\OneDrive\Desktop\Bhojan\backend\server.js:51:5
    at Layer.handleRequest (C:\Users\adity\OneDrive\Desktop\Bhojan\backend\node_modules\router\lib\layer.js:152:17)
    at trimPrefix (C:\Users\adity\OneDrive\Desktop\Bhojan\backend\node_modules\router\index.js:342:13)
    at C:\Users\adity\OneDrive\Desktop\Bhojan\backend\node_modules\router\index.js:297:9
2026-02-06 18:21:52 [ERROR]: 500 - Expected property name or '}' in JSON at position 1 (line 1 column 2) - /api/auth/signin - POST - ::1
2026-02-06 18:21:52 [ERROR]: SyntaxError: Expected property name or '}' in JSON at position 1 (line 1 column 2)
    at JSON.parse (<anonymous>)
    at parse (C:\Users\adity\OneDrive\Desktop\Bhojan\backend\node_modules\body-parser\lib\types\json.js:72:19)
    at C:\Users\adity\OneDrive\Desktop\Bhojan\backend\node_modules\body-parser\lib\read.js:162:18
    at AsyncResource.runInAsyncScope (node:async_hooks:211:14)
    at invokeCallback (C:\Users\adity\OneDrive\Desktop\Bhojan\backend\node_modules\raw-body\index.js:238:16)
    at done (C:\Users\adity\OneDrive\Desktop\Bhojan\backend\node_modules\raw-body\index.js:227:7)
    at IncomingMessage.onEnd (C:\Users\adity\OneDrive\Desktop\Bhojan\backend\node_modules\raw-body\index.js:287:7)
    at IncomingMessage.emit (node:events:524:28)
    at endReadableNT (node:internal/streams/readable:1698:12)
    at process.processTicksAndRejections (node:internal/process/task_queues:90:21)
2026-02-06 18:25:52 [ERROR]: Redis Client Error: connect ECONNREFUSED ::1:6379
2026-02-06 18:25:52 [ERROR]: Redis Client Error: connect ECONNREFUSED ::1:6379
2026-02-06 18:25:52 [ERROR]: Redis Client Error: connect ECONNREFUSED ::1:6379
2026-02-06 18:25:52 [ERROR]: Redis Client Error: connect ECONNREFUSED ::1:6379
2026-02-06 18:25:53 [ERROR]: Redis Client Error: connect ECONNREFUSED ::1:6379
2026-02-06 18:25:54 [ERROR]: Redis Client Error: connect ECONNREFUSED ::1:6379
2026-02-06 18:25:55 [ERROR]: Redis Client Error: connect ECONNREFUSED ::1:6379
2026-02-06 18:25:57 [ERROR]: Redis Client Error: connect ECONNREFUSED ::1:6379
2026-02-06 18:26:00 [ERROR]: Redis Client Error: connect ECONNREFUSED ::1:6379
2026-02-06 18:26:02 [ERROR]: Redis Client Error: connect ECONNREFUSED ::1:6379
2026-02-06 18:26:04 [ERROR]: Redis Client Error: connect ECONNREFUSED ::1:6379
2026-02-06 18:26:06 [ERROR]: Redis Client Error: connect ECONNREFUSED ::1:6379
2026-02-06 18:26:08 [ERROR]: Redis Client Error: connect ECONNREFUSED ::1:6379
2026-02-06 18:26:10 [ERROR]: Redis Client Error: connect ECONNREFUSED ::1:6379
2026-02-06 18:26:12 [ERROR]: Redis Client Error: connect ECONNREFUSED ::1:6379
2026-02-06 18:26:14 [ERROR]: Redis Client Error: connect ECONNREFUSED ::1:6379
2026-02-06 18:26:17 [ERROR]: Redis Client Error: connect ECONNREFUSED ::1:6379
2026-02-06 18:26:19 [ERROR]: Redis Client Error: connect ECONNREFUSED ::1:6379
2026-02-06 18:26:21 [ERROR]: Redis Client Error: connect ECONNREFUSED ::1:6379
2026-02-06 18:26:23 [ERROR]: Redis Client Error: connect ECONNREFUSED ::1:6379
2026-02-06 18:26:25 [ERROR]: Redis Client Error: connect ECONNREFUSED ::1:6379
2026-02-06 18:26:27 [ERROR]: Redis Client Error: connect ECONNREFUSED ::1:6379
2026-02-06 18:26:29 [ERROR]: Redis Client Error: connect ECONNREFUSED ::1:6379
2026-02-06 18:26:31 [ERROR]: Redis Client Error: connect ECONNREFUSED ::1:6379
2026-02-06 18:26:33 [ERROR]: Redis Client Error: connect ECONNREFUSED ::1:6379
2026-02-06 18:26:36 [ERROR]: Redis Client Error: connect ECONNREFUSED ::1:6379
2026-02-06 18:26:38 [ERROR]: Redis Client Error: connect ECONNREFUSED ::1:6379
2026-02-06 18:26:40 [ERROR]: Redis Client Error: connect ECONNREFUSED ::1:6379
2026-02-06 18:26:42 [ERROR]: Redis Client Error: connect ECONNREFUSED ::1:6379
2026-02-06 18:26:44 [ERROR]: Redis Client Error: connect ECONNREFUSED ::1:6379
2026-02-06 18:26:46 [ERROR]: Redis Client Error: connect ECONNREFUSED ::1:6379
2026-02-06 18:26:48 [ERROR]: Redis Client Error: connect ECONNREFUSED ::1:6379
2026-02-06 18:26:50 [ERROR]: Redis Client Error: connect ECONNREFUSED ::1:6379
2026-02-06 18:26:52 [ERROR]: Redis Client Error: connect ECONNREFUSED ::1:6379
2026-02-06 18:26:55 [ERROR]: Redis Client Error: connect ECONNREFUSED ::1:6379
2026-02-06 18:26:57 [ERROR]: Redis Client Error: connect ECONNREFUSED ::1:6379
2026-02-06 18:26:59 [ERROR]: Redis Client Error: connect ECONNREFUSED ::1:6379
2026-02-06 18:27:01 [ERROR]: Redis Client Error: connect ECONNREFUSED ::1:6379
2026-02-06 18:27:03 [ERROR]: Redis Client Error: connect ECONNREFUSED ::1:6379
2026-02-06 18:27:05 [ERROR]: Redis Client Error: connect ECONNREFUSED ::1:6379
2026-02-06 18:27:07 [ERROR]: Redis Client Error: connect ECONNREFUSED ::1:6379
2026-02-06 18:27:09 [ERROR]: Redis Client Error: connect ECONNREFUSED ::1:6379
2026-02-06 18:27:11 [ERROR]: Redis Client Error: connect ECONNREFUSED ::1:6379
2026-02-06 18:27:14 [ERROR]: Redis Client Error: connect ECONNREFUSED ::1:6379
2026-02-06 18:27:16 [ERROR]: Redis Client Error: connect ECONNREFUSED ::1:6379
2026-02-06 18:27:18 [ERROR]: Redis Client Error: connect ECONNREFUSED ::1:6379
2026-02-06 18:27:20 [ERROR]: Redis Client Error: connect ECONNREFUSED ::1:6379
2026-02-06 18:27:22 [ERROR]: Redis Client Error: connect ECONNREFUSED ::1:6379
2026-02-06 18:27:24 [ERROR]: Redis Client Error: connect ECONNREFUSED ::1:6379
2026-02-06 18:27:26 [ERROR]: Redis Client Error: connect ECONNREFUSED ::1:6379
2026-02-06 18:27:28 [ERROR]: Redis Client Error: connect ECONNREFUSED ::1:6379
2026-02-06 18:27:30 [ERROR]: Redis Client Error: connect ECONNREFUSED ::1:6379
2026-02-06 18:27:55 [ERROR]: Redis Client Error: connect ECONNREFUSED ::1:6379
2026-02-06 18:27:55 [ERROR]: Redis Client Error: connect ECONNREFUSED ::1:6379
2026-02-06 18:27:55 [ERROR]: Redis Client Error: connect ECONNREFUSED ::1:6379
2026-02-06 18:27:56 [ERROR]: Redis Client Error: connect ECONNREFUSED ::1:6379
2026-02-06 18:27:56 [ERROR]: Redis Client Error: connect ECONNREFUSED ::1:6379
2026-02-06 18:27:57 [ERROR]: Redis Client Error: connect ECONNREFUSED ::1:6379
2026-02-06 18:27:59 [ERROR]: Redis Client Error: connect ECONNREFUSED ::1:6379
2026-02-06 18:28:01 [ERROR]: Redis Client Error: connect ECONNREFUSED ::1:6379
2026-02-06 18:28:03 [ERROR]: Redis Client Error: connect ECONNREFUSED ::1:6379
2026-02-06 18:28:05 [ERROR]: Redis Client Error: connect ECONNREFUSED ::1:6379
2026-02-06 18:28:07 [ERROR]: Redis Client Error: connect ECONNREFUSED ::1:6379
2026-02-06 18:28:09 [ERROR]: Redis Client Error: connect ECONNREFUSED ::1:6379
2026-02-06 18:28:11 [ERROR]: Redis Client Error: connect ECONNREFUSED ::1:6379
2026-02-06 18:28:13 [ERROR]: Redis Client Error: connect ECONNREFUSED ::1:6379
2026-02-06 18:28:16 [ERROR]: Redis Client Error: connect ECONNREFUSED ::1:6379
2026-02-06 18:28:18 [ERROR]: Redis Client Error: connect ECONNREFUSED ::1:6379
2026-02-06 18:28:20 [ERROR]: Redis Client Error: connect ECONNREFUSED ::1:6379
2026-02-06 18:28:22 [ERROR]: Redis Client Error: connect ECONNREFUSED ::1:6379
2026-02-06 18:28:24 [ERROR]: Redis Client Error: connect ECONNREFUSED ::1:6379
2026-02-06 18:28:26 [ERROR]: Redis Client Error: connect ECONNREFUSED ::1:6379
2026-02-06 18:28:28 [ERROR]: Redis Client Error: connect ECONNREFUSED ::1:6379
2026-02-06 18:28:30 [ERROR]: Redis Client Error: connect ECONNREFUSED ::1:6379
2026-02-06 18:28:32 [ERROR]: Redis Client Error: connect ECONNREFUSED ::1:6379
2026-02-06 18:28:35 [ERROR]: Redis Client Error: connect ECONNREFUSED ::1:6379
2026-02-06 18:28:37 [ERROR]: Redis Client Error: connect ECONNREFUSED ::1:6379
2026-02-06 18:28:39 [ERROR]: Redis Client Error: connect ECONNREFUSED ::1:6379
2026-02-06 18:28:41 [ERROR]: Redis Client Error: connect ECONNREFUSED ::1:6379
2026-02-06 18:28:43 [ERROR]: Redis Client Error: connect ECONNREFUSED ::1:6379
2026-02-06 18:28:45 [ERROR]: Redis Client Error: connect ECONNREFUSED ::1:6379
2026-02-06 18:28:47 [ERROR]: Redis Client Error: connect ECONNREFUSED ::1:6379
2026-02-06 18:28:49 [ERROR]: Redis Client Error: connect ECONNREFUSED ::1:6379
2026-02-06 18:28:51 [ERROR]: Redis Client Error: connect ECONNREFUSED ::1:6379
2026-02-06 18:28:53 [ERROR]: Redis Client Error: connect ECONNREFUSED ::1:6379
2026-02-06 18:28:55 [ERROR]: Redis Client Error: connect ECONNREFUSED ::1:6379
2026-02-06 18:28:57 [ERROR]: Redis Client Error: connect ECONNREFUSED ::1:6379
2026-02-06 18:28:59 [ERROR]: Redis Client Error: connect ECONNREFUSED ::1:6379
2026-02-06 18:29:02 [ERROR]: Redis Client Error: connect ECONNREFUSED ::1:6379
2026-02-06 18:29:04 [ERROR]: Redis Client Error: connect ECONNREFUSED ::1:6379
2026-02-06 18:29:06 [ERROR]: Redis Client Error: connect ECONNREFUSED ::1:6379
2026-02-06 18:29:08 [ERROR]: Redis Client Error: connect ECONNREFUSED ::1:6379
2026-02-06 18:29:10 [ERROR]: Redis Client Error: connect ECONNREFUSED ::1:6379
2026-02-06 18:29:12 [ERROR]: Redis Client Error: connect ECONNREFUSED ::1:6379
2026-02-06 18:29:14 [ERROR]: Redis Client Error: connect ECONNREFUSED ::1:6379
2026-02-06 18:29:16 [ERROR]: Redis Client Error: connect ECONNREFUSED ::1:6379
2026-02-06 18:29:18 [ERROR]: Redis Client Error: connect ECONNREFUSED ::1:6379
2026-02-06 18:29:21 [ERROR]: Redis Client Error: connect ECONNREFUSED ::1:6379
2026-02-06 18:29:23 [ERROR]: Redis Client Error: connect ECONNREFUSED ::1:6379
2026-02-06 18:29:25 [ERROR]: Redis Client Error: connect ECONNREFUSED ::1:6379
2026-02-06 18:29:27 [ERROR]: Redis Client Error: connect ECONNREFUSED ::1:6379
2026-02-06 18:29:29 [ERROR]: Redis Client Error: connect ECONNREFUSED ::1:6379
2026-02-06 18:29:31 [ERROR]: Redis Client Error: connect ECONNREFUSED ::1:6379
2026-02-06 18:29:33 [ERROR]: Redis Client Error: connect ECONNREFUSED ::1:6379
2026-02-06 18:29:35 [ERROR]: Redis Client Error: connect ECONNREFUSED ::1:6379
2026-02-06 18:29:38 [ERROR]: Redis Client Error: connect ECONNREFUSED ::1:6379
2026-02-06 18:29:40 [ERROR]: Redis Client Error: connect ECONNREFUSED ::1:6379
2026-02-06 18:29:42 [ERROR]: Redis Client Error: connect ECONNREFUSED ::1:6379
2026-02-06 18:29:44 [ERROR]: Redis Client Error: connect ECONNREFUSED ::1:6379
2026-02-06 18:29:46 [ERROR]: Redis Client Error: connect ECONNREFUSED ::1:6379
2026-02-06 18:29:48 [ERROR]: Redis Client Error: connect ECONNREFUSED ::1:6379
2026-02-06 18:29:50 [ERROR]: Redis Client Error: connect ECONNREFUSED ::1:6379
2026-02-06 18:29:52 [ERROR]: Redis Client Error: connect ECONNREFUSED ::1:6379
2026-02-06 18:29:55 [ERROR]: Redis Client Error: connect ECONNREFUSED ::1:6379
2026-02-06 18:29:57 [ERROR]: Redis Client Error: connect ECONNREFUSED ::1:6379
2026-02-06 18:29:59 [ERROR]: Redis Client Error: connect ECONNREFUSED ::1:6379
2026-02-06 18:30:01 [ERROR]: Redis Client Error: connect ECONNREFUSED ::1:6379
2026-02-06 18:30:03 [ERROR]: Redis Client Error: connect ECONNREFUSED ::1:6379
2026-02-06 18:30:05 [ERROR]: Redis Client Error: connect ECONNREFUSED ::1:6379
2026-02-06 18:30:07 [ERROR]: Redis Client Error: connect ECONNREFUSED ::1:6379
2026-02-06 18:30:09 [ERROR]: Redis Client Error: connect ECONNREFUSED ::1:6379
2026-02-06 18:30:12 [ERROR]: Redis Client Error: connect ECONNREFUSED ::1:6379
2026-02-06 18:30:14 [ERROR]: Redis Client Error: connect ECONNREFUSED ::1:6379
2026-02-06 18:30:16 [ERROR]: Redis Client Error: connect ECONNREFUSED ::1:6379
2026-02-06 18:30:18 [ERROR]: Redis Client Error: connect ECONNREFUSED ::1:6379
2026-02-06 18:30:20 [ERROR]: Redis Client Error: connect ECONNREFUSED ::1:6379
2026-02-06 18:30:22 [ERROR]: Redis Client Error: connect ECONNREFUSED ::1:6379
2026-02-06 18:30:24 [ERROR]: Redis Client Error: connect ECONNREFUSED ::1:6379
2026-02-06 18:30:26 [ERROR]: Redis Client Error: connect ECONNREFUSED ::1:6379
2026-02-06 18:30:28 [ERROR]: Redis Client Error: connect ECONNREFUSED ::1:6379
2026-02-06 18:30:30 [ERROR]: Redis Client Error: connect ECONNREFUSED ::1:6379
2026-02-06 18:30:33 [ERROR]: Redis Client Error: connect ECONNREFUSED ::1:6379
2026-02-06 18:30:35 [ERROR]: Redis Client Error: connect ECONNREFUSED ::1:6379
2026-02-06 18:30:37 [ERROR]: Redis Client Error: connect ECONNREFUSED ::1:6379
2026-02-06 18:30:39 [ERROR]: Redis Client Error: connect ECONNREFUSED ::1:6379
2026-02-06 18:30:41 [ERROR]: Redis Client Error: connect ECONNREFUSED ::1:6379
2026-02-06 18:30:43 [ERROR]: Redis Client Error: connect ECONNREFUSED ::1:6379
2026-02-06 18:30:45 [ERROR]: Redis Client Error: connect ECONNREFUSED ::1:6379
2026-02-06 18:30:47 [ERROR]: Redis Client Error: connect ECONNREFUSED ::1:6379
2026-02-06 18:30:49 [ERROR]: Redis Client Error: connect ECONNREFUSED ::1:6379
2026-02-06 18:30:51 [ERROR]: Redis Client Error: connect ECONNREFUSED ::1:6379
2026-02-06 18:30:53 [ERROR]: Redis Client Error: connect ECONNREFUSED ::1:6379
2026-02-06 18:30:56 [ERROR]: Redis Client Error: connect ECONNREFUSED ::1:6379
2026-02-06 18:30:58 [ERROR]: Redis Client Error: connect ECONNREFUSED ::1:6379
2026-02-06 18:31:00 [ERROR]: Redis Client Error: connect ECONNREFUSED ::1:6379
2026-02-06 18:31:02 [ERROR]: Redis Client Error: connect ECONNREFUSED ::1:6379
2026-02-06 18:31:04 [ERROR]: Redis Client Error: connect ECONNREFUSED ::1:6379
2026-02-06 18:31:06 [ERROR]: Redis Client Error: connect ECONNREFUSED ::1:6379
2026-02-06 18:31:08 [ERROR]: Redis Client Error: connect ECONNREFUSED ::1:6379
2026-02-06 18:31:10 [ERROR]: Redis Client Error: connect ECONNREFUSED ::1:6379
2026-02-06 18:31:13 [ERROR]: Redis Client Error: connect ECONNREFUSED ::1:6379
2026-02-06 18:31:15 [ERROR]: Redis Client Error: connect ECONNREFUSED ::1:6379
2026-02-06 18:31:17 [ERROR]: Redis Client Error: connect ECONNREFUSED ::1:6379
2026-02-06 18:31:19 [ERROR]: Redis Client Error: connect ECONNREFUSED ::1:6379
2026-02-06 18:31:21 [ERROR]: Redis Client Error: connect ECONNREFUSED ::1:6379
2026-02-06 18:31:23 [ERROR]: Redis Client Error: connect ECONNREFUSED ::1:6379
2026-02-06 18:31:25 [ERROR]: Redis Client Error: connect ECONNREFUSED ::1:6379
2026-02-06 18:31:27 [ERROR]: Redis Client Error: connect ECONNREFUSED ::1:6379
2026-02-06 18:31:29 [ERROR]: Redis Client Error: connect ECONNREFUSED ::1:6379
2026-02-06 18:31:31 [ERROR]: Redis Client Error: connect ECONNREFUSED ::1:6379
2026-02-06 18:31:34 [ERROR]: Redis Client Error: connect ECONNREFUSED ::1:6379
2026-02-06 18:31:36 [ERROR]: Redis Client Error: connect ECONNREFUSED ::1:6379
2026-02-06 18:31:38 [ERROR]: Redis Client Error: connect ECONNREFUSED ::1:6379
2026-02-06 18:31:40 [ERROR]: Redis Client Error: connect ECONNREFUSED ::1:6379
2026-02-06 18:31:42 [ERROR]: Redis Client Error: connect ECONNREFUSED ::1:6379
2026-02-06 18:31:44 [ERROR]: Redis Client Error: connect ECONNREFUSED ::1:6379
2026-02-06 18:31:46 [ERROR]: Redis Client Error: connect ECONNREFUSED ::1:6379
2026-02-06 18:31:48 [ERROR]: Redis Client Error: connect ECONNREFUSED ::1:6379
2026-02-06 18:31:51 [ERROR]: Redis Client Error: connect ECONNREFUSED ::1:6379
2026-02-06 18:31:53 [ERROR]: Redis Client Error: connect ECONNREFUSED ::1:6379
2026-02-06 18:31:55 [ERROR]: Redis Client Error: connect ECONNREFUSED ::1:6379
2026-02-06 18:31:57 [ERROR]: Redis Client Error: connect ECONNREFUSED ::1:6379
2026-02-06 18:31:59 [ERROR]: Redis Client Error: connect ECONNREFUSED ::1:6379
2026-02-06 18:32:01 [ERROR]: Redis Client Error: connect ECONNREFUSED ::1:6379
2026-02-06 18:32:03 [ERROR]: Redis Client Error: connect ECONNREFUSED ::1:6379
2026-02-06 18:32:05 [ERROR]: Redis Client Error: connect ECONNREFUSED ::1:6379
2026-02-06 18:32:08 [ERROR]: Redis Client Error: connect ECONNREFUSED ::1:6379
2026-02-06 18:32:10 [ERROR]: Redis Client Error: connect ECONNREFUSED ::1:6379
2026-02-06 18:32:12 [ERROR]: Redis Client Error: connect ECONNREFUSED ::1:6379
2026-02-06 18:32:14 [ERROR]: Redis Client Error: connect ECONNREFUSED ::1:6379
2026-02-06 18:32:16 [ERROR]: Redis Client Error: connect ECONNREFUSED ::1:6379
2026-02-06 18:32:18 [ERROR]: Redis Client Error: connect ECONNREFUSED ::1:6379
2026-02-06 18:32:20 [ERROR]: Redis Client Error: connect ECONNREFUSED ::1:6379
2026-02-06 18:32:22 [ERROR]: Redis Client Error: connect ECONNREFUSED ::1:6379
2026-02-06 18:32:24 [ERROR]: Redis Client Error: connect ECONNREFUSED ::1:6379
2026-02-06 18:32:27 [ERROR]: Redis Client Error: connect ECONNREFUSED ::1:6379
2026-02-06 18:32:29 [ERROR]: Redis Client Error: connect ECONNREFUSED ::1:6379
2026-02-06 18:32:31 [ERROR]: Redis Client Error: connect ECONNREFUSED ::1:6379
2026-02-06 18:32:33 [ERROR]: Redis Client Error: connect ECONNREFUSED ::1:6379
2026-02-06 18:32:35 [ERROR]: Redis Client Error: connect ECONNREFUSED ::1:6379
2026-02-06 18:32:37 [ERROR]: Redis Client Error: connect ECONNREFUSED ::1:6379
2026-02-06 18:32:39 [ERROR]: Redis Client Error: connect ECONNREFUSED ::1:6379
2026-02-06 18:32:42 [ERROR]: Redis Client Error: connect ECONNREFUSED ::1:6379
2026-02-06 18:32:44 [ERROR]: Redis Client Error: connect ECONNREFUSED ::1:6379
2026-02-06 18:32:46 [ERROR]: Redis Client Error: connect ECONNREFUSED ::1:6379
2026-02-06 18:32:48 [ERROR]: Redis Client Error: connect ECONNREFUSED ::1:6379
2026-02-06 18:32:50 [ERROR]: Redis Client Error: connect ECONNREFUSED ::1:6379
2026-02-06 18:32:52 [ERROR]: Redis Client Error: connect ECONNREFUSED ::1:6379
2026-02-06 18:32:54 [ERROR]: Redis Client Error: connect ECONNREFUSED ::1:6379
2026-02-06 18:32:56 [ERROR]: Redis Client Error: connect ECONNREFUSED ::1:6379
2026-02-06 18:32:58 [ERROR]: Redis Client Error: connect ECONNREFUSED ::1:6379
2026-02-06 18:33:00 [ERROR]: Redis Client Error: connect ECONNREFUSED ::1:6379
2026-02-06 18:33:03 [ERROR]: Redis Client Error: connect ECONNREFUSED ::1:6379
2026-02-06 18:33:05 [ERROR]: Redis Client Error: connect ECONNREFUSED ::1:6379
2026-02-06 18:33:07 [ERROR]: Redis Client Error: connect ECONNREFUSED ::1:6379
2026-02-06 18:33:09 [ERROR]: Redis Client Error: connect ECONNREFUSED ::1:6379
2026-02-06 18:33:11 [ERROR]: Redis Client Error: connect ECONNREFUSED ::1:6379
2026-02-06 18:33:13 [ERROR]: Redis Client Error: connect ECONNREFUSED ::1:6379
2026-02-06 18:33:15 [ERROR]: Redis Client Error: connect ECONNREFUSED ::1:6379
2026-02-06 18:33:18 [ERROR]: Redis Client Error: connect ECONNREFUSED ::1:6379
2026-02-06 18:33:20 [ERROR]: Redis Client Error: connect ECONNREFUSED ::1:6379
2026-02-06 18:33:22 [ERROR]: Redis Client Error: connect ECONNREFUSED ::1:6379
2026-02-06 18:33:24 [ERROR]: Redis Client Error: connect ECONNREFUSED ::1:6379
2026-02-06 18:33:26 [ERROR]: Redis Client Error: connect ECONNREFUSED ::1:6379
2026-02-06 18:33:28 [ERROR]: Redis Client Error: connect ECONNREFUSED ::1:6379
2026-02-06 18:33:30 [ERROR]: Redis Client Error: connect ECONNREFUSED ::1:6379
2026-02-06 18:33:32 [ERROR]: Redis Client Error: connect ECONNREFUSED ::1:6379
2026-02-06 18:33:34 [ERROR]: Redis Client Error: connect ECONNREFUSED ::1:6379
2026-02-06 18:33:37 [ERROR]: Redis Client Error: connect ECONNREFUSED ::1:6379
2026-02-06 18:33:39 [ERROR]: Redis Client Error: connect ECONNREFUSED ::1:6379
2026-02-06 18:33:41 [ERROR]: Redis Client Error: connect ECONNREFUSED ::1:6379
2026-02-06 18:33:43 [ERROR]: Redis Client Error: connect ECONNREFUSED ::1:6379
2026-02-06 18:33:45 [ERROR]: Redis Client Error: connect ECONNREFUSED ::1:6379
2026-02-06 18:33:47 [ERROR]: Redis Client Error: connect ECONNREFUSED ::1:6379
2026-02-06 18:33:49 [ERROR]: Redis Client Error: connect ECONNREFUSED ::1:6379
2026-02-06 18:33:51 [ERROR]: Redis Client Error: connect ECONNREFUSED ::1:6379
2026-02-06 18:33:53 [ERROR]: Redis Client Error: connect ECONNREFUSED ::1:6379
2026-02-06 18:33:55 [ERROR]: Redis Client Error: connect ECONNREFUSED ::1:6379
2026-02-06 18:33:58 [ERROR]: Redis Client Error: connect ECONNREFUSED ::1:6379
2026-02-06 18:34:00 [ERROR]: Redis Client Error: connect ECONNREFUSED ::1:6379
2026-02-06 18:34:02 [ERROR]: Redis Client Error: connect ECONNREFUSED ::1:6379
2026-02-06 18:34:04 [ERROR]: Redis Client Error: connect ECONNREFUSED ::1:6379
2026-02-06 18:34:06 [ERROR]: Redis Client Error: connect ECONNREFUSED ::1:6379
2026-02-06 18:34:08 [ERROR]: Redis Client Error: connect ECONNREFUSED ::1:6379
2026-02-06 18:34:10 [ERROR]: Redis Client Error: connect ECONNREFUSED ::1:6379
2026-02-06 18:34:12 [ERROR]: Redis Client Error: connect ECONNREFUSED ::1:6379
2026-02-06 18:34:14 [ERROR]: Redis Client Error: connect ECONNREFUSED ::1:6379
2026-02-06 18:34:16 [ERROR]: Redis Client Error: connect ECONNREFUSED ::1:6379
2026-02-06 18:34:18 [ERROR]: Redis Client Error: connect ECONNREFUSED ::1:6379
2026-02-06 18:34:21 [ERROR]: Redis Client Error: connect ECONNREFUSED ::1:6379
2026-02-06 18:34:23 [ERROR]: Redis Client Error: connect ECONNREFUSED ::1:6379
2026-02-06 18:34:25 [ERROR]: Redis Client Error: connect ECONNREFUSED ::1:6379
2026-02-06 18:34:27 [ERROR]: Redis Client Error: connect ECONNREFUSED ::1:6379
2026-02-06 18:34:29 [ERROR]: Redis Client Error: connect ECONNREFUSED ::1:6379
2026-02-06 18:34:31 [ERROR]: Redis Client Error: connect ECONNREFUSED ::1:6379
2026-02-06 18:34:33 [ERROR]: Redis Client Error: connect ECONNREFUSED ::1:6379
2026-02-06 18:34:35 [ERROR]: Redis Client Error: connect ECONNREFUSED ::1:6379
2026-02-06 18:34:38 [ERROR]: Redis Client Error: connect ECONNREFUSED ::1:6379
2026-02-06 18:34:40 [ERROR]: Redis Client Error: connect ECONNREFUSED ::1:6379
2026-02-06 18:34:42 [ERROR]: Redis Client Error: connect ECONNREFUSED ::1:6379
2026-02-06 18:34:44 [ERROR]: Redis Client Error: connect ECONNREFUSED ::1:6379
2026-02-06 18:34:46 [ERROR]: Redis Client Error: connect ECONNREFUSED ::1:6379
2026-02-06 18:34:48 [ERROR]: Redis Client Error: connect ECONNREFUSED ::1:6379
2026-02-06 18:34:50 [ERROR]: Redis Client Error: connect ECONNREFUSED ::1:6379
2026-02-06 18:34:52 [ERROR]: Redis Client Error: connect ECONNREFUSED ::1:6379
2026-02-06 18:34:54 [ERROR]: Redis Client Error: connect ECONNREFUSED ::1:6379
2026-02-06 18:34:57 [ERROR]: Redis Client Error: connect ECONNREFUSED ::1:6379
2026-02-06 18:34:59 [ERROR]: Redis Client Error: connect ECONNREFUSED ::1:6379
2026-02-06 18:35:01 [ERROR]: Redis Client Error: connect ECONNREFUSED ::1:6379
2026-02-06 18:35:03 [ERROR]: Redis Client Error: connect ECONNREFUSED ::1:6379
2026-02-06 18:35:05 [ERROR]: Redis Client Error: connect ECONNREFUSED ::1:6379
2026-02-06 18:35:07 [ERROR]: Redis Client Error: connect ECONNREFUSED ::1:6379
2026-02-06 18:35:09 [ERROR]: Redis Client Error: connect ECONNREFUSED ::1:6379
2026-02-06 18:35:11 [ERROR]: Redis Client Error: connect ECONNREFUSED ::1:6379
2026-02-06 18:35:13 [ERROR]: Redis Client Error: connect ECONNREFUSED ::1:6379
2026-02-06 18:35:15 [ERROR]: Redis Client Error: connect ECONNREFUSED ::1:6379
2026-02-06 18:35:18 [ERROR]: Redis Client Error: connect ECONNREFUSED ::1:6379
2026-02-06 18:35:20 [ERROR]: Redis Client Error: connect ECONNREFUSED ::1:6379
2026-02-06 18:35:22 [ERROR]: Redis Client Error: connect ECONNREFUSED ::1:6379
2026-02-06 18:35:24 [ERROR]: Redis Client Error: connect ECONNREFUSED ::1:6379
2026-02-06 18:35:26 [ERROR]: Redis Client Error: connect ECONNREFUSED ::1:6379
2026-02-06 18:35:28 [ERROR]: Redis Client Error: connect ECONNREFUSED ::1:6379
2026-02-06 18:35:30 [ERROR]: Redis Client Error: connect ECONNREFUSED ::1:6379
2026-02-06 18:35:32 [ERROR]: Redis Client Error: connect ECONNREFUSED ::1:6379
2026-02-06 18:35:34 [ERROR]: Redis Client Error: connect ECONNREFUSED ::1:6379
2026-02-06 18:35:36 [ERROR]: Redis Client Error: connect ECONNREFUSED ::1:6379
2026-02-06 18:35:38 [ERROR]: Redis Client Error: connect ECONNREFUSED ::1:6379
2026-02-06 18:35:40 [ERROR]: Redis Client Error: connect ECONNREFUSED ::1:6379
2026-02-06 18:35:43 [ERROR]: Redis Client Error: connect ECONNREFUSED ::1:6379
2026-02-06 18:35:45 [ERROR]: Redis Client Error: connect ECONNREFUSED ::1:6379
2026-02-06 18:35:47 [ERROR]: Redis Client Error: connect ECONNREFUSED ::1:6379
2026-02-06 18:35:49 [ERROR]: Redis Client Error: connect ECONNREFUSED ::1:6379
2026-02-06 18:35:51 [ERROR]: Redis Client Error: connect ECONNREFUSED ::1:6379
2026-02-06 18:35:53 [ERROR]: Redis Client Error: connect ECONNREFUSED ::1:6379
2026-02-06 18:35:55 [ERROR]: Redis Client Error: connect ECONNREFUSED ::1:6379
2026-02-06 18:35:57 [ERROR]: Redis Client Error: connect ECONNREFUSED ::1:6379
2026-02-06 18:35:59 [ERROR]: Redis Client Error: connect ECONNREFUSED ::1:6379
2026-02-06 18:36:01 [ERROR]: Redis Client Error: connect ECONNREFUSED ::1:6379
2026-02-06 18:36:04 [ERROR]: Redis Client Error: connect ECONNREFUSED ::1:6379
2026-02-06 18:36:06 [ERROR]: Redis Client Error: connect ECONNREFUSED ::1:6379
2026-02-06 18:36:08 [ERROR]: Redis Client Error: connect ECONNREFUSED ::1:6379
2026-02-06 18:36:10 [ERROR]: Redis Client Error: connect ECONNREFUSED ::1:6379
2026-02-06 18:36:12 [ERROR]: Redis Client Error: connect ECONNREFUSED ::1:6379
2026-02-06 18:36:14 [ERROR]: Redis Client Error: connect ECONNREFUSED ::1:6379
2026-02-06 18:36:16 [ERROR]: Redis Client Error: connect ECONNREFUSED ::1:6379
2026-02-06 18:36:18 [ERROR]: Redis Client Error: connect ECONNREFUSED ::1:6379
2026-02-06 18:36:21 [ERROR]: Redis Client Error: connect ECONNREFUSED ::1:6379
2026-02-06 18:36:23 [ERROR]: Redis Client Error: connect ECONNREFUSED ::1:6379
2026-02-06 18:36:25 [ERROR]: Redis Client Error: connect ECONNREFUSED ::1:6379
2026-02-06 18:36:27 [ERROR]: Redis Client Error: connect ECONNREFUSED ::1:6379
2026-02-06 18:36:29 [ERROR]: Redis Client Error: connect ECONNREFUSED ::1:6379
2026-02-06 18:36:31 [ERROR]: Redis Client Error: connect ECONNREFUSED ::1:6379
2026-02-06 18:36:33 [ERROR]: Redis Client Error: connect ECONNREFUSED ::1:6379
2026-02-06 18:36:35 [ERROR]: Redis Client Error: connect ECONNREFUSED ::1:6379
2026-02-06 18:36:37 [ERROR]: Redis Client Error: connect ECONNREFUSED ::1:6379
2026-02-06 18:36:39 [ERROR]: Redis Client Error: connect ECONNREFUSED ::1:6379
2026-02-06 18:36:41 [ERROR]: Redis Client Error: connect ECONNREFUSED ::1:6379
2026-02-06 18:36:44 [ERROR]: Redis Client Error: connect ECONNREFUSED ::1:6379
2026-02-06 18:36:46 [ERROR]: Redis Client Error: connect ECONNREFUSED ::1:6379
2026-02-06 18:36:48 [ERROR]: Redis Client Error: connect ECONNREFUSED ::1:6379
2026-02-06 18:36:50 [ERROR]: Redis Client Error: connect ECONNREFUSED ::1:6379
2026-02-06 18:36:52 [ERROR]: Redis Client Error: connect ECONNREFUSED ::1:6379
2026-02-06 18:36:54 [ERROR]: Redis Client Error: connect ECONNREFUSED ::1:6379
2026-02-06 18:36:56 [ERROR]: Redis Client Error: connect ECONNREFUSED ::1:6379
2026-02-06 18:36:58 [ERROR]: Redis Client Error: connect ECONNREFUSED ::1:6379
2026-02-06 18:37:00 [ERROR]: Redis Client Error: connect ECONNREFUSED ::1:6379
2026-02-06 18:37:03 [ERROR]: Redis Client Error: connect ECONNREFUSED ::1:6379
2026-02-06 18:37:05 [ERROR]: Redis Client Error: connect ECONNREFUSED ::1:6379
2026-02-06 18:37:07 [ERROR]: Redis Client Error: connect ECONNREFUSED ::1:6379
2026-02-06 18:37:09 [ERROR]: Redis Client Error: connect ECONNREFUSED ::1:6379
2026-02-06 18:37:11 [ERROR]: Redis Client Error: connect ECONNREFUSED ::1:6379
2026-02-06 18:37:13 [ERROR]: Redis Client Error: connect ECONNREFUSED ::1:6379
2026-02-06 18:37:15 [ERROR]: Redis Client Error: connect ECONNREFUSED ::1:6379
2026-02-06 18:37:17 [ERROR]: Redis Client Error: connect ECONNREFUSED ::1:6379
2026-02-06 18:37:20 [ERROR]: Redis Client Error: connect ECONNREFUSED ::1:6379
2026-02-06 18:37:22 [ERROR]: Redis Client Error: connect ECONNREFUSED ::1:6379
2026-02-06 18:37:24 [ERROR]: Redis Client Error: connect ECONNREFUSED ::1:6379
2026-02-06 18:37:26 [ERROR]: Redis Client Error: connect ECONNREFUSED ::1:6379
2026-02-06 18:37:28 [ERROR]: Redis Client Error: connect ECONNREFUSED ::1:6379
2026-02-06 18:37:30 [ERROR]: Redis Client Error: connect ECONNREFUSED ::1:6379
2026-02-06 18:37:32 [ERROR]: Redis Client Error: connect ECONNREFUSED ::1:6379
2026-02-06 18:37:34 [ERROR]: Redis Client Error: connect ECONNREFUSED ::1:6379
2026-02-06 18:37:36 [ERROR]: Redis Client Error: connect ECONNREFUSED ::1:6379
2026-02-06 18:37:39 [ERROR]: Redis Client Error: connect ECONNREFUSED ::1:6379
2026-02-06 18:37:41 [ERROR]: Redis Client Error: connect ECONNREFUSED ::1:6379
2026-02-06 18:37:43 [ERROR]: Redis Client Error: connect ECONNREFUSED ::1:6379
2026-02-06 18:37:45 [ERROR]: Redis Client Error: connect ECONNREFUSED ::1:6379
2026-02-06 18:37:47 [ERROR]: Redis Client Error: connect ECONNREFUSED ::1:6379
2026-02-06 18:37:49 [ERROR]: Redis Client Error: connect ECONNREFUSED ::1:6379
2026-02-06 18:37:51 [ERROR]: Redis Client Error: connect ECONNREFUSED ::1:6379
2026-02-06 18:37:53 [ERROR]: Redis Client Error: connect ECONNREFUSED ::1:6379
2026-02-06 18:37:56 [ERROR]: Redis Client Error: connect ECONNREFUSED ::1:6379
2026-02-06 18:37:58 [ERROR]: Redis Client Error: connect ECONNREFUSED ::1:6379
2026-02-06 18:38:00 [ERROR]: Redis Client Error: connect ECONNREFUSED ::1:6379
2026-02-06 18:38:02 [ERROR]: Redis Client Error: connect ECONNREFUSED ::1:6379
2026-02-06 18:38:04 [ERROR]: Redis Client Error: connect ECONNREFUSED ::1:6379
2026-02-06 18:38:06 [ERROR]: Redis Client Error: connect ECONNREFUSED ::1:6379
2026-02-06 18:38:08 [ERROR]: Redis Client Error: connect ECONNREFUSED ::1:6379
2026-02-06 18:38:10 [ERROR]: Redis Client Error: connect ECONNREFUSED ::1:6379
2026-02-06 18:38:12 [ERROR]: Redis Client Error: connect ECONNREFUSED ::1:6379
2026-02-06 18:38:15 [ERROR]: Redis Client Error: connect ECONNREFUSED ::1:6379
2026-02-06 18:38:17 [ERROR]: Redis Client Error: connect ECONNREFUSED ::1:6379
2026-02-06 18:38:19 [ERROR]: Redis Client Error: connect ECONNREFUSED ::1:6379
2026-02-06 18:38:21 [ERROR]: Redis Client Error: connect ECONNREFUSED ::1:6379
2026-02-06 18:38:23 [ERROR]: Redis Client Error: connect ECONNREFUSED ::1:6379
2026-02-06 18:38:25 [ERROR]: Redis Client Error: connect ECONNREFUSED ::1:6379
2026-02-06 18:38:27 [ERROR]: Redis Client Error: connect ECONNREFUSED ::1:6379
2026-02-06 18:38:29 [ERROR]: Redis Client Error: connect ECONNREFUSED ::1:6379
2026-02-06 18:38:31 [ERROR]: Redis Client Error: connect ECONNREFUSED ::1:6379
2026-02-06 18:38:33 [ERROR]: Redis Client Error: connect ECONNREFUSED ::1:6379
2026-02-06 18:38:35 [ERROR]: Redis Client Error: connect ECONNREFUSED ::1:6379
2026-02-06 18:38:38 [ERROR]: Redis Client Error: connect ECONNREFUSED ::1:6379
2026-02-06 18:38:40 [ERROR]: Redis Client Error: connect ECONNREFUSED ::1:6379
2026-02-06 18:38:42 [ERROR]: Redis Client Error: connect ECONNREFUSED ::1:6379
2026-02-06 18:38:44 [ERROR]: Redis Client Error: connect ECONNREFUSED ::1:6379
2026-02-06 18:38:46 [ERROR]: Redis Client Error: connect ECONNREFUSED ::1:6379
2026-02-06 18:38:48 [ERROR]: Redis Client Error: connect ECONNREFUSED ::1:6379
2026-02-06 18:38:50 [ERROR]: Redis Client Error: connect ECONNREFUSED ::1:6379
2026-02-06 18:38:52 [ERROR]: Redis Client Error: connect ECONNREFUSED ::1:6379
2026-02-06 18:38:54 [ERROR]: Redis Client Error: connect ECONNREFUSED ::1:6379
2026-02-06 18:38:57 [ERROR]: Redis Client Error: connect ECONNREFUSED ::1:6379
2026-02-06 18:38:59 [ERROR]: Redis Client Error: connect ECONNREFUSED ::1:6379
2026-02-06 18:39:01 [ERROR]: Redis Client Error: connect ECONNREFUSED ::1:6379
2026-02-06 18:39:03 [ERROR]: Redis Client Error: connect ECONNREFUSED ::1:6379
2026-02-06 18:39:05 [ERROR]: Redis Client Error: connect ECONNREFUSED ::1:6379
2026-02-06 18:39:07 [ERROR]: Redis Client Error: connect ECONNREFUSED ::1:6379
2026-02-06 18:39:09 [ERROR]: Redis Client Error: connect ECONNREFUSED ::1:6379
2026-02-06 18:39:11 [ERROR]: Redis Client Error: connect ECONNREFUSED ::1:6379
2026-02-06 18:39:13 [ERROR]: Redis Client Error: connect ECONNREFUSED ::1:6379
2026-02-06 18:39:15 [ERROR]: Redis Client Error: connect ECONNREFUSED ::1:6379
2026-02-06 18:39:18 [ERROR]: Redis Client Error: connect ECONNREFUSED ::1:6379
2026-02-06 18:39:20 [ERROR]: Redis Client Error: connect ECONNREFUSED ::1:6379
2026-02-06 18:39:22 [ERROR]: Redis Client Error: connect ECONNREFUSED ::1:6379
2026-02-06 18:39:24 [ERROR]: Redis Client Error: connect ECONNREFUSED ::1:6379
2026-02-06 18:39:26 [ERROR]: Redis Client Error: connect ECONNREFUSED ::1:6379
2026-02-06 18:39:28 [ERROR]: Redis Client Error: connect ECONNREFUSED ::1:6379
2026-02-06 18:39:31 [ERROR]: Redis Client Error: connect ECONNREFUSED ::1:6379
2026-02-06 18:39:33 [ERROR]: Redis Client Error: connect ECONNREFUSED ::1:6379
2026-02-06 18:39:35 [ERROR]: Redis Client Error: connect ECONNREFUSED ::1:6379
2026-02-06 18:39:37 [ERROR]: Redis Client Error: connect ECONNREFUSED ::1:6379
2026-02-06 18:39:39 [ERROR]: Redis Client Error: connect ECONNREFUSED ::1:6379
2026-02-06 18:39:41 [ERROR]: Redis Client Error: connect ECONNREFUSED ::1:6379
2026-02-06 18:39:44 [ERROR]: Redis Client Error: connect ECONNREFUSED ::1:6379
2026-02-06 18:39:46 [ERROR]: Redis Client Error: connect ECONNREFUSED ::1:6379
2026-02-06 18:39:48 [ERROR]: Redis Client Error: connect ECONNREFUSED ::1:6379
2026-02-06 18:39:50 [ERROR]: Redis Client Error: connect ECONNREFUSED ::1:6379
2026-02-06 18:39:52 [ERROR]: Redis Client Error: connect ECONNREFUSED ::1:6379
2026-02-06 18:39:54 [ERROR]: Redis Client Error: connect ECONNREFUSED ::1:6379
2026-02-06 18:39:56 [ERROR]: Redis Client Error: connect ECONNREFUSED ::1:6379
2026-02-06 18:39:58 [ERROR]: Redis Client Error: connect ECONNREFUSED ::1:6379
2026-02-06 18:40:00 [ERROR]: Redis Client Error: connect ECONNREFUSED ::1:6379
2026-02-06 18:40:02 [ERROR]: Redis Client Error: connect ECONNREFUSED ::1:6379
2026-02-06 18:40:04 [ERROR]: Redis Client Error: connect ECONNREFUSED ::1:6379
2026-02-06 18:40:07 [ERROR]: Redis Client Error: connect ECONNREFUSED ::1:6379
2026-02-06 18:40:09 [ERROR]: Redis Client Error: connect ECONNREFUSED ::1:6379
2026-02-06 18:40:11 [ERROR]: Redis Client Error: connect ECONNREFUSED ::1:6379
2026-02-06 18:40:13 [ERROR]: Redis Client Error: connect ECONNREFUSED ::1:6379
2026-02-06 18:40:15 [ERROR]: Redis Client Error: connect ECONNREFUSED ::1:6379
2026-02-06 18:40:17 [ERROR]: Redis Client Error: connect ECONNREFUSED ::1:6379
2026-02-06 18:40:19 [ERROR]: Redis Client Error: connect ECONNREFUSED ::1:6379
2026-02-06 18:40:21 [ERROR]: Redis Client Error: connect ECONNREFUSED ::1:6379
2026-02-06 18:40:23 [ERROR]: Redis Client Error: connect ECONNREFUSED ::1:6379
2026-02-06 18:40:26 [ERROR]: Redis Client Error: connect ECONNREFUSED ::1:6379
2026-02-06 18:40:28 [ERROR]: Redis Client Error: connect ECONNREFUSED ::1:6379
2026-02-06 18:40:30 [ERROR]: Redis Client Error: connect ECONNREFUSED ::1:6379
2026-02-06 18:40:32 [ERROR]: Redis Client Error: connect ECONNREFUSED ::1:6379
2026-02-06 18:40:34 [ERROR]: Redis Client Error: connect ECONNREFUSED ::1:6379
2026-02-06 18:40:36 [ERROR]: Redis Client Error: connect ECONNREFUSED ::1:6379
2026-02-06 18:40:38 [ERROR]: Redis Client Error: connect ECONNREFUSED ::1:6379
2026-02-06 18:40:40 [ERROR]: Redis Client Error: connect ECONNREFUSED ::1:6379
2026-02-06 18:40:42 [ERROR]: Redis Client Error: connect ECONNREFUSED ::1:6379
2026-02-06 18:40:45 [ERROR]: Redis Client Error: connect ECONNREFUSED ::1:6379
2026-02-06 18:40:47 [ERROR]: Redis Client Error: connect ECONNREFUSED ::1:6379
2026-02-06 18:40:49 [ERROR]: Redis Client Error: connect ECONNREFUSED ::1:6379
2026-02-06 18:40:51 [ERROR]: Redis Client Error: connect ECONNREFUSED ::1:6379
2026-02-06 18:40:53 [ERROR]: Redis Client Error: connect ECONNREFUSED ::1:6379
2026-02-06 18:40:56 [ERROR]: Redis Client Error: connect ECONNREFUSED ::1:6379
2026-02-06 18:40:58 [ERROR]: Redis Client Error: connect ECONNREFUSED ::1:6379
2026-02-06 18:41:00 [ERROR]: Redis Client Error: connect ECONNREFUSED ::1:6379
2026-02-06 18:41:02 [ERROR]: Redis Client Error: connect ECONNREFUSED ::1:6379
2026-02-06 18:41:04 [ERROR]: Redis Client Error: connect ECONNREFUSED ::1:6379
2026-02-06 18:41:06 [ERROR]: Redis Client Error: connect ECONNREFUSED ::1:6379
2026-02-06 18:41:08 [ERROR]: Redis Client Error: connect ECONNREFUSED ::1:6379
2026-02-06 18:41:10 [ERROR]: Redis Client Error: connect ECONNREFUSED ::1:6379
2026-02-06 18:41:13 [ERROR]: Redis Client Error: connect ECONNREFUSED ::1:6379
2026-02-06 18:41:15 [ERROR]: Redis Client Error: connect ECONNREFUSED ::1:6379
2026-02-06 18:41:17 [ERROR]: Redis Client Error: connect ECONNREFUSED ::1:6379
2026-02-06 18:41:19 [ERROR]: Redis Client Error: connect ECONNREFUSED ::1:6379
2026-02-06 18:41:21 [ERROR]: Redis Client Error: connect ECONNREFUSED ::1:6379
2026-02-06 18:41:23 [ERROR]: Redis Client Error: connect ECONNREFUSED ::1:6379
2026-02-06 18:41:26 [ERROR]: Redis Client Error: connect ECONNREFUSED ::1:6379
2026-02-06 18:41:28 [ERROR]: Redis Client Error: connect ECONNREFUSED ::1:6379
2026-02-06 18:41:30 [ERROR]: Redis Client Error: connect ECONNREFUSED ::1:6379
2026-02-06 18:41:32 [ERROR]: Redis Client Error: connect ECONNREFUSED ::1:6379
2026-02-06 18:41:34 [ERROR]: Redis Client Error: connect ECONNREFUSED ::1:6379
2026-02-06 18:41:36 [ERROR]: Redis Client Error: connect ECONNREFUSED ::1:6379
2026-02-06 18:41:39 [ERROR]: Redis Client Error: connect ECONNREFUSED ::1:6379
2026-02-06 18:41:41 [ERROR]: Redis Client Error: connect ECONNREFUSED ::1:6379
2026-02-06 18:41:43 [ERROR]: Redis Client Error: connect ECONNREFUSED ::1:6379
2026-02-06 18:41:45 [ERROR]: Redis Client Error: connect ECONNREFUSED ::1:6379
2026-02-06 18:41:47 [ERROR]: Redis Client Error: connect ECONNREFUSED ::1:6379
2026-02-06 18:41:49 [ERROR]: Redis Client Error: connect ECONNREFUSED ::1:6379
2026-02-06 18:41:51 [ERROR]: Redis Client Error: connect ECONNREFUSED ::1:6379
2026-02-06 18:41:54 [ERROR]: Redis Client Error: connect ECONNREFUSED ::1:6379
2026-02-06 18:41:56 [ERROR]: Redis Client Error: connect ECONNREFUSED ::1:6379
2026-02-06 18:41:58 [ERROR]: Redis Client Error: connect ECONNREFUSED ::1:6379
2026-02-06 18:42:00 [ERROR]: Redis Client Error: connect ECONNREFUSED ::1:6379
2026-02-06 18:42:02 [ERROR]: Redis Client Error: connect ECONNREFUSED ::1:6379
2026-02-06 18:42:04 [ERROR]: Redis Client Error: connect ECONNREFUSED ::1:6379
2026-02-06 18:42:06 [ERROR]: Redis Client Error: connect ECONNREFUSED ::1:6379
2026-02-06 18:42:08 [ERROR]: Redis Client Error: connect ECONNREFUSED ::1:6379
2026-02-06 18:42:11 [ERROR]: Redis Client Error: connect ECONNREFUSED ::1:6379
2026-02-06 18:42:13 [ERROR]: Redis Client Error: connect ECONNREFUSED ::1:6379
2026-02-06 18:42:15 [ERROR]: Redis Client Error: connect ECONNREFUSED ::1:6379
2026-02-06 18:42:17 [ERROR]: Redis Client Error: connect ECONNREFUSED ::1:6379
2026-02-06 18:42:19 [ERROR]: Redis Client Error: connect ECONNREFUSED ::1:6379
2026-02-06 18:42:21 [ERROR]: Redis Client Error: connect ECONNREFUSED ::1:6379
2026-02-06 18:42:23 [ERROR]: Redis Client Error: connect ECONNREFUSED ::1:6379
2026-02-06 18:42:25 [ERROR]: Redis Client Error: connect ECONNREFUSED ::1:6379
2026-02-06 18:42:27 [ERROR]: Redis Client Error: connect ECONNREFUSED ::1:6379
2026-02-06 18:42:29 [ERROR]: Redis Client Error: connect ECONNREFUSED ::1:6379
2026-02-06 18:42:31 [ERROR]: Redis Client Error: connect ECONNREFUSED ::1:6379
2026-02-06 18:42:34 [ERROR]: Redis Client Error: connect ECONNREFUSED ::1:6379
2026-02-06 18:42:36 [ERROR]: Redis Client Error: connect ECONNREFUSED ::1:6379
2026-02-06 18:42:38 [ERROR]: Redis Client Error: connect ECONNREFUSED ::1:6379
2026-02-06 18:42:40 [ERROR]: Redis Client Error: connect ECONNREFUSED ::1:6379
2026-02-06 18:42:42 [ERROR]: Redis Client Error: connect ECONNREFUSED ::1:6379
2026-02-06 18:42:44 [ERROR]: Redis Client Error: connect ECONNREFUSED ::1:6379
2026-02-06 18:42:46 [ERROR]: Redis Client Error: connect ECONNREFUSED ::1:6379
2026-02-06 18:42:48 [ERROR]: Redis Client Error: connect ECONNREFUSED ::1:6379
2026-02-06 18:42:50 [ERROR]: Redis Client Error: connect ECONNREFUSED ::1:6379
2026-02-06 18:42:53 [ERROR]: Redis Client Error: connect ECONNREFUSED ::1:6379
2026-02-06 18:42:55 [ERROR]: Redis Client Error: connect ECONNREFUSED ::1:6379
2026-02-06 18:42:57 [ERROR]: Redis Client Error: connect ECONNREFUSED ::1:6379
2026-02-06 18:42:59 [ERROR]: Redis Client Error: connect ECONNREFUSED ::1:6379
2026-02-06 18:43:01 [ERROR]: Redis Client Error: connect ECONNREFUSED ::1:6379
2026-02-06 18:43:03 [ERROR]: Redis Client Error: connect ECONNREFUSED ::1:6379
2026-02-06 18:43:05 [ERROR]: Redis Client Error: connect ECONNREFUSED ::1:6379
2026-02-06 18:43:08 [ERROR]: Redis Client Error: connect ECONNREFUSED ::1:6379
2026-02-06 18:43:10 [ERROR]: Redis Client Error: connect ECONNREFUSED ::1:6379
2026-02-06 18:43:12 [ERROR]: Redis Client Error: connect ECONNREFUSED ::1:6379
2026-02-06 18:43:14 [ERROR]: Redis Client Error: connect ECONNREFUSED ::1:6379
2026-02-06 18:43:16 [ERROR]: Redis Client Error: connect ECONNREFUSED ::1:6379
2026-02-06 18:43:18 [ERROR]: Redis Client Error: connect ECONNREFUSED ::1:6379
2026-02-06 18:43:20 [ERROR]: Redis Client Error: connect ECONNREFUSED ::1:6379
2026-02-06 18:43:22 [ERROR]: Redis Client Error: connect ECONNREFUSED ::1:6379
2026-02-06 18:43:24 [ERROR]: Redis Client Error: connect ECONNREFUSED ::1:6379
2026-02-06 18:43:27 [ERROR]: Redis Client Error: connect ECONNREFUSED ::1:6379
2026-02-06 18:43:29 [ERROR]: Redis Client Error: connect ECONNREFUSED ::1:6379
2026-02-06 18:43:31 [ERROR]: Redis Client Error: connect ECONNREFUSED ::1:6379
2026-02-06 18:43:33 [ERROR]: Redis Client Error: connect ECONNREFUSED ::1:6379
2026-02-06 18:43:35 [ERROR]: Redis Client Error: connect ECONNREFUSED ::1:6379
2026-02-06 18:43:37 [ERROR]: Redis Client Error: connect ECONNREFUSED ::1:6379
2026-02-06 18:43:39 [ERROR]: Redis Client Error: connect ECONNREFUSED ::1:6379
2026-02-06 18:43:42 [ERROR]: Redis Client Error: connect ECONNREFUSED ::1:6379
2026-02-06 18:43:44 [ERROR]: Redis Client Error: connect ECONNREFUSED ::1:6379
2026-02-06 18:43:46 [ERROR]: Redis Client Error: connect ECONNREFUSED ::1:6379
2026-02-06 18:43:48 [ERROR]: Redis Client Error: connect ECONNREFUSED ::1:6379
2026-02-06 18:43:50 [ERROR]: Redis Client Error: connect ECONNREFUSED ::1:6379
2026-02-06 18:43:52 [ERROR]: Redis Client Error: connect ECONNREFUSED ::1:6379
2026-02-06 18:43:54 [ERROR]: Redis Client Error: connect ECONNREFUSED ::1:6379
2026-02-06 18:43:57 [ERROR]: Redis Client Error: connect ECONNREFUSED ::1:6379
2026-02-06 18:43:59 [ERROR]: Redis Client Error: connect ECONNREFUSED ::1:6379
2026-02-06 18:44:01 [ERROR]: Redis Client Error: connect ECONNREFUSED ::1:6379
2026-02-06 18:44:03 [ERROR]: Redis Client Error: connect ECONNREFUSED ::1:6379
2026-02-06 18:44:05 [ERROR]: Redis Client Error: connect ECONNREFUSED ::1:6379
2026-02-06 18:44:07 [ERROR]: Redis Client Error: connect ECONNREFUSED ::1:6379
2026-02-06 18:44:09 [ERROR]: Redis Client Error: connect ECONNREFUSED ::1:6379
2026-02-06 18:44:11 [ERROR]: Redis Client Error: connect ECONNREFUSED ::1:6379
2026-02-06 18:44:13 [ERROR]: Redis Client Error: connect ECONNREFUSED ::1:6379
2026-02-06 18:44:15 [ERROR]: Redis Client Error: connect ECONNREFUSED ::1:6379
2026-02-06 18:44:18 [ERROR]: Redis Client Error: connect ECONNREFUSED ::1:6379
2026-02-06 18:44:20 [ERROR]: Redis Client Error: connect ECONNREFUSED ::1:6379
2026-02-06 18:44:22 [ERROR]: Redis Client Error: connect ECONNREFUSED ::1:6379
2026-02-06 18:44:24 [ERROR]: Redis Client Error: connect ECONNREFUSED ::1:6379
2026-02-06 18:44:27 [ERROR]: Redis Client Error: connect ECONNREFUSED ::1:6379
2026-02-06 18:44:29 [ERROR]: Redis Client Error: connect ECONNREFUSED ::1:6379
2026-02-06 18:44:31 [ERROR]: Redis Client Error: connect ECONNREFUSED ::1:6379
2026-02-06 18:44:33 [ERROR]: Redis Client Error: connect ECONNREFUSED ::1:6379
2026-02-06 18:44:35 [ERROR]: Redis Client Error: connect ECONNREFUSED ::1:6379
2026-02-06 18:44:37 [ERROR]: Redis Client Error: connect ECONNREFUSED ::1:6379
2026-02-06 18:44:39 [ERROR]: Redis Client Error: connect ECONNREFUSED ::1:6379
2026-02-06 18:44:41 [ERROR]: Redis Client Error: connect ECONNREFUSED ::1:6379
2026-02-06 18:44:44 [ERROR]: Redis Client Error: connect ECONNREFUSED ::1:6379
2026-02-06 18:44:46 [ERROR]: Redis Client Error: connect ECONNREFUSED ::1:6379
2026-02-06 18:44:48 [ERROR]: Redis Client Error: connect ECONNREFUSED ::1:6379
2026-02-06 18:44:50 [ERROR]: Redis Client Error: connect ECONNREFUSED ::1:6379
2026-02-06 18:44:52 [ERROR]: Redis Client Error: connect ECONNREFUSED ::1:6379
2026-02-06 18:44:54 [ERROR]: Redis Client Error: connect ECONNREFUSED ::1:6379
2026-02-06 18:44:56 [ERROR]: Redis Client Error: connect ECONNREFUSED ::1:6379
2026-02-06 18:44:58 [ERROR]: Redis Client Error: connect ECONNREFUSED ::1:6379
2026-02-06 18:45:00 [ERROR]: Redis Client Error: connect ECONNREFUSED ::1:6379
2026-02-06 18:45:03 [ERROR]: Redis Client Error: connect ECONNREFUSED ::1:6379
2026-02-06 18:45:05 [ERROR]: Redis Client Error: connect ECONNREFUSED ::1:6379
2026-02-06 18:45:07 [ERROR]: Redis Client Error: connect ECONNREFUSED ::1:6379
2026-02-06 18:45:09 [ERROR]: Redis Client Error: connect ECONNREFUSED ::1:6379
2026-02-06 18:45:11 [ERROR]: Redis Client Error: connect ECONNREFUSED ::1:6379
2026-02-06 18:45:13 [ERROR]: Redis Client Error: connect ECONNREFUSED ::1:6379
2026-02-06 18:45:15 [ERROR]: Redis Client Error: connect ECONNREFUSED ::1:6379
2026-02-06 18:45:17 [ERROR]: Redis Client Error: connect ECONNREFUSED ::1:6379
2026-02-06 18:45:19 [ERROR]: Redis Client Error: connect ECONNREFUSED ::1:6379
2026-02-06 18:45:21 [ERROR]: Redis Client Error: connect ECONNREFUSED ::1:6379
2026-02-06 18:45:24 [ERROR]: Redis Client Error: connect ECONNREFUSED ::1:6379
2026-02-06 18:45:26 [ERROR]: Redis Client Error: connect ECONNREFUSED ::1:6379
2026-02-06 18:45:28 [ERROR]: Redis Client Error: connect ECONNREFUSED ::1:6379
2026-02-06 18:45:30 [ERROR]: Redis Client Error: connect ECONNREFUSED ::1:6379
2026-02-06 18:45:32 [ERROR]: Redis Client Error: connect ECONNREFUSED ::1:6379
2026-02-06 18:45:34 [ERROR]: Redis Client Error: connect ECONNREFUSED ::1:6379
2026-02-06 18:45:36 [ERROR]: Redis Client Error: connect ECONNREFUSED ::1:6379
2026-02-06 18:45:38 [ERROR]: Redis Client Error: connect ECONNREFUSED ::1:6379
2026-02-06 18:45:41 [ERROR]: Redis Client Error: connect ECONNREFUSED ::1:6379
2026-02-06 18:45:43 [ERROR]: Redis Client Error: connect ECONNREFUSED ::1:6379
2026-02-06 18:45:45 [ERROR]: Redis Client Error: connect ECONNREFUSED ::1:6379
2026-02-06 18:45:47 [ERROR]: Redis Client Error: connect ECONNREFUSED ::1:6379
2026-02-06 18:45:49 [ERROR]: Redis Client Error: connect ECONNREFUSED ::1:6379
2026-02-06 18:45:51 [ERROR]: Redis Client Error: connect ECONNREFUSED ::1:6379
2026-02-06 18:45:53 [ERROR]: Redis Client Error: connect ECONNREFUSED ::1:6379
2026-02-06 18:46:08 [ERROR]: Redis Client Error: connect ECONNREFUSED ::1:6379
2026-02-10 23:52:29 [ERROR]: Redis Client Error: connect ECONNREFUSED ::1:6379
2026-02-11 00:10:04 [ERROR]: Redis Client Error: connect ECONNREFUSED ::1:6379
2026-02-11 00:27:04 [ERROR]: Redis Client Error: connect ECONNREFUSED ::1:6379
2026-02-11 00:57:35 [ERROR]: Redis Client Error: connect ECONNREFUSED ::1:6379
2026-02-11 16:42:06 [ERROR]: Redis Client Error: connect ECONNREFUSED ::1:6379
